<?xml version="1.0" encoding="UTF-8"?>
<!-- Generated by org.testng.reporters.JUnitReportReporter -->
<testsuite hostname="LAPTOP-OSSH23AN" failures="0" tests="1" name="completeSeleniumTutorial_4.How_to_select_Data_from_Select_box_15" time="3.810" errors="0" timestamp="2024-12-26T12:16:53 IST" skipped="0">
  <testcase classname="completeSeleniumTutorial_4.How_to_select_Data_from_Select_box_15" name="selectBox" time="3.810"/>
</testsuite> <!-- completeSeleniumTutorial_4.How_to_select_Data_from_Select_box_15 -->
