<?xml version="1.0" encoding="UTF-8"?>
<!-- Generated by org.testng.reporters.JUnitReportReporter -->
<testsuite hostname="LAPTOP-OSSH23AN" failures="0" tests="1" name="How_to_Handel_Calendar_in_Selenium_20" time="11.465" errors="0" timestamp="2024-12-27T01:03:43 IST" skipped="0">
  <testcase classname="How_to_Handel_Calendar_in_Selenium_20" name="handleCalender" time="11.465"/>
</testsuite> <!-- How_to_Handel_Calendar_in_Selenium_20 -->
