<?xml version="1.0" encoding="UTF-8"?>
<!-- Generated by org.testng.reporters.JUnitReportReporter -->
<testsuite hostname="LAPTOP-OSSH23AN" failures="0" tests="1" name="completeSeleniumTutorial_4.How_to_Get_Rows_and_Columns_from_Web_table_23" time="4.285" errors="0" timestamp="2024-12-29T21:07:03 IST" skipped="0">
  <testcase classname="completeSeleniumTutorial_4.How_to_Get_Rows_and_Columns_from_Web_table_23" name="no_ofRowsCols" time="4.285"/>
</testsuite> <!-- completeSeleniumTutorial_4.How_to_Get_Rows_and_Columns_from_Web_table_23 -->
