<?xml version="1.0" encoding="UTF-8"?>
<!-- Generated by org.testng.reporters.JUnitReportReporter -->
<testsuite hostname="LAPTOP-OSSH23AN" failures="0" tests="1" name="completeSeleniumTutorial_4.ZoomIn_ZoomOut_In_Selenium_33" time="17.579" errors="0" timestamp="2024-12-31T18:27:29 IST" skipped="0">
  <testcase classname="completeSeleniumTutorial_4.ZoomIn_ZoomOut_In_Selenium_33" name="testZoomInZoomOut" time="17.579"/>
</testsuite> <!-- completeSeleniumTutorial_4.ZoomIn_ZoomOut_In_Selenium_33 -->
