<?xml version="1.0" encoding="UTF-8"?>
<!-- Generated by org.testng.reporters.JUnitReportReporter -->
<testsuite hostname="LAPTOP-OSSH23AN" failures="0" tests="1" name="completeSeleniumTutorial_4.Add_Cookie_In_selenium_35" time="5.487" errors="0" timestamp="2024-12-31T19:11:02 IST" skipped="0">
  <testcase classname="completeSeleniumTutorial_4.Add_Cookie_In_selenium_35" name="addCookies" time="5.487"/>
</testsuite> <!-- completeSeleniumTutorial_4.Add_Cookie_In_selenium_35 -->
