<?xml version="1.0" encoding="UTF-8"?>
<!-- Generated by org.testng.reporters.JUnitReportReporter -->
<testsuite hostname="LAPTOP-OSSH23AN" failures="0" tests="1" name="completeSeleniumTutorial_4.Print_All_Data_From_Dynamic_WebTable_26" time="45.930" errors="0" timestamp="2024-12-30T16:28:08 IST" skipped="0">
  <testcase classname="completeSeleniumTutorial_4.Print_All_Data_From_Dynamic_WebTable_26" name="printWebTableData" time="45.930"/>
</testsuite> <!-- completeSeleniumTutorial_4.Print_All_Data_From_Dynamic_WebTable_26 -->
