<?xml version="1.0" encoding="UTF-8"?>
<!-- Generated by org.testng.reporters.JUnitReportReporter -->
<testsuite hostname="LAPTOP-OSSH23AN" failures="0" tests="1" name="completeSeleniumTutorial_4.How_to_Handel_Calendar_in_Selenium_20" time="21.874" errors="0" timestamp="2024-12-27T22:25:54 IST" skipped="0">
  <testcase classname="completeSeleniumTutorial_4.How_to_Handel_Calendar_in_Selenium_20" name="HandleCalandar" time="21.874"/>
</testsuite> <!-- completeSeleniumTutorial_4.How_to_Handel_Calendar_in_Selenium_20 -->
