<?xml version="1.0" encoding="UTF-8"?>
<!-- Generated by org.testng.reporters.JUnitReportReporter -->
<testsuite hostname="LAPTOP-OSSH23AN" failures="0" tests="1" name="completeSeleniumTutorial_4.How_to_get_All_Links_From_WebPage_27" time="28.631" errors="0" timestamp="2024-12-30T18:52:40 IST" skipped="0">
  <testcase classname="completeSeleniumTutorial_4.How_to_get_All_Links_From_WebPage_27" name="getLinks" time="28.631"/>
</testsuite> <!-- completeSeleniumTutorial_4.How_to_get_All_Links_From_WebPage_27 -->
