<?xml version="1.0" encoding="UTF-8"?>
<!-- Generated by org.testng.reporters.JUnitReportReporter -->
<testsuite hostname="LAPTOP-OSSH23AN" failures="0" tests="3" name="completeTestNG_Tutorial_1.Grouping_In_TestNG_7" time="0.008" errors="0" timestamp="2024-12-13T18:44:14 IST" skipped="0">
  <testcase classname="completeTestNG_Tutorial_1.Grouping_In_TestNG_7" name="test1" time="0.005"/>
  <testcase classname="completeTestNG_Tutorial_1.Grouping_In_TestNG_7" name="test2" time="0.001"/>
  <testcase classname="completeTestNG_Tutorial_1.Grouping_In_TestNG_7" name="test3" time="0.002"/>
</testsuite> <!-- completeTestNG_Tutorial_1.Grouping_In_TestNG_7 -->
