<?xml version="1.0" encoding="UTF-8"?>
<!-- Generated by org.testng.reporters.JUnitReportReporter -->
<testsuite hostname="LAPTOP-OSSH23AN" failures="0" tests="1" name="completeSeleniumTutorial_4.Handling_windows_49" time="30.790" errors="0" timestamp="2025-01-03T19:54:09 IST" skipped="0">
  <testcase classname="completeSeleniumTutorial_4.Handling_windows_49" name="testWindowHandles" time="30.790"/>
</testsuite> <!-- completeSeleniumTutorial_4.Handling_windows_49 -->
