<?xml version="1.0" encoding="UTF-8"?>
<!-- Generated by org.testng.reporters.JUnitReportReporter -->
<testsuite hostname="LAPTOP-OSSH23AN" failures="0" tests="1" name="completeSeleniumTutorial_4.JavaScriptExecutor_In_Selenium_Lecture_1__38" time="10.150" errors="0" timestamp="2025-01-01T01:06:57 IST" skipped="0">
  <testcase classname="completeSeleniumTutorial_4.JavaScriptExecutor_In_Selenium_Lecture_1__38" name="javaScriptFunctions" time="10.150"/>
</testsuite> <!-- completeSeleniumTutorial_4.JavaScriptExecutor_In_Selenium_Lecture_1__38 -->
