<?xml version="1.0" encoding="UTF-8"?>
<!-- Generated by org.testng.reporters.JUnitReportReporter -->
<testsuite hostname="LAPTOP-OSSH23AN" failures="0" tests="1" name="Practice_examples.Calandar_Example_2" time="6.585" errors="0" timestamp="2024-12-27T14:52:39 IST" skipped="0">
  <testcase classname="Practice_examples.Calandar_Example_2" name="testCalEx2" time="6.585"/>
</testsuite> <!-- Practice_examples.Calandar_Example_2 -->
