<?xml version="1.0" encoding="UTF-8"?>
<!-- Generated by org.testng.reporters.JUnitReportReporter -->
<testsuite hostname="LAPTOP-OSSH23AN" failures="0" tests="1" name="completeSeleniumTutorial_4.Do_MouseOver_and_Click_On_Link_in_Selenium_17" time="8.502" errors="0" timestamp="2024-12-26T16:22:41 IST" skipped="0">
  <testcase classname="completeSeleniumTutorial_4.Do_MouseOver_and_Click_On_Link_in_Selenium_17" name="mouseOverAndClickElement" time="8.502"/>
</testsuite> <!-- completeSeleniumTutorial_4.Do_MouseOver_and_Click_On_Link_in_Selenium_17 -->
