<?xml version="1.0" encoding="UTF-8"?>
<!-- Generated by org.testng.reporters.JUnitReportReporter -->
<testsuite hostname="LAPTOP-OSSH23AN" failures="0" tests="1" name="completeSeleniumTutorial_4.Iframe_In_Selenium_36" time="7.910" errors="0" timestamp="2024-12-31T21:54:46 IST" skipped="0">
  <testcase classname="completeSeleniumTutorial_4.Iframe_In_Selenium_36" name="iframeExamples" time="7.910"/>
</testsuite> <!-- completeSeleniumTutorial_4.Iframe_In_Selenium_36 -->
