<?xml version="1.0" encoding="UTF-8"?>
<!-- Generated by org.testng.reporters.JUnitReportReporter -->
<testsuite hostname="LAPTOP-OSSH23AN" failures="0" tests="1" name="completeSeleniumTutorial_4.Delete_Cookies_In_Selenium_34" time="3.723" errors="0" timestamp="2024-12-31T18:53:44 IST" skipped="0">
  <testcase classname="completeSeleniumTutorial_4.Delete_Cookies_In_Selenium_34" name="testCookies" time="3.723"/>
</testsuite> <!-- completeSeleniumTutorial_4.Delete_Cookies_In_Selenium_34 -->
