<?xml version="1.0" encoding="UTF-8"?>
<!-- Generated by org.testng.reporters.JUnitReportReporter -->
<testsuite hostname="LAPTOP-OSSH23AN" failures="0" tests="1" name="completeSeleniumTutorial_4.JavaScriptExecutor_In_Selenium_Lecture_2__39" time="21.427" errors="0" timestamp="2025-01-01T01:52:53 IST" skipped="0">
  <testcase classname="completeSeleniumTutorial_4.JavaScriptExecutor_In_Selenium_Lecture_2__39" name="javaScriptFunctions" time="21.427"/>
</testsuite> <!-- completeSeleniumTutorial_4.JavaScriptExecutor_In_Selenium_Lecture_2__39 -->
