<?xml version="1.0" encoding="UTF-8"?>
<!-- Generated by org.testng.reporters.JUnitReportReporter -->
<testsuite hostname="LAPTOP-OSSH23AN" failures="0" tests="1" name="completeSeleniumTutorial_4.Verify_Open_And_Collapse_In_Selenium_40" time="10.487" errors="0" timestamp="2025-01-01T02:41:26 IST" skipped="0">
  <testcase classname="completeSeleniumTutorial_4.Verify_Open_And_Collapse_In_Selenium_40" name="testVerifyOpenAndCollapse" time="10.487"/>
</testsuite> <!-- completeSeleniumTutorial_4.Verify_Open_And_Collapse_In_Selenium_40 -->
