<?xml version="1.0" encoding="UTF-8"?>
<!-- Generated by org.testng.reporters.JUnitReportReporter -->
<testsuite hostname="LAPTOP-OSSH23AN" failures="0" tests="1" name="completeSeleniumTutorial_4.How_To_enter_Data_in_Textbox_13" time="4.361" errors="0" timestamp="2024-12-25T19:13:15 IST" skipped="0">
  <testcase classname="completeSeleniumTutorial_4.How_To_enter_Data_in_Textbox_13" name="test" time="4.361"/>
</testsuite> <!-- completeSeleniumTutorial_4.How_To_enter_Data_in_Textbox_13 -->
