<?xml version="1.0" encoding="UTF-8"?>
<!-- Generated by org.testng.reporters.JUnitReportReporter -->
<testsuite hostname="LAPTOP-OSSH23AN" failures="0" tests="1" name="completeTestNG_Tutorial_1.Parameterization_in_TestNG_9" time="0.006" errors="0" timestamp="2024-12-13T19:17:28 IST" skipped="0">
  <testcase classname="completeTestNG_Tutorial_1.Parameterization_in_TestNG_9" name="test" time="0.006"/>
</testsuite> <!-- completeTestNG_Tutorial_1.Parameterization_in_TestNG_9 -->
