<?xml version="1.0" encoding="UTF-8"?>
<!-- Generated by org.testng.reporters.JUnitReportReporter -->
<testsuite hostname="LAPTOP-OSSH23AN" failures="0" tests="5" name="completeTestNG_Tutorial_1.DataProvider_In_TestNG_5" time="0.010" errors="0" timestamp="2024-12-13T17:54:36 IST" skipped="0">
  <testcase classname="completeTestNG_Tutorial_1.DataProvider_In_TestNG_5" name="test1" time="0.001"/>
  <testcase classname="completeTestNG_Tutorial_1.DataProvider_In_TestNG_5" name="test1" time="0.005"/>
  <testcase classname="completeTestNG_Tutorial_1.DataProvider_In_TestNG_5" name="test2" time="0.001"/>
  <testcase classname="completeTestNG_Tutorial_1.DataProvider_In_TestNG_5" name="test2" time="0.002"/>
  <testcase classname="completeTestNG_Tutorial_1.DataProvider_In_TestNG_5" name="test2" time="0.001"/>
</testsuite> <!-- completeTestNG_Tutorial_1.DataProvider_In_TestNG_5 -->
