<?xml version="1.0" encoding="UTF-8"?>
<!-- Generated by org.testng.reporters.JUnitReportReporter -->
<testsuite hostname="LAPTOP-OSSH23AN" failures="0" tests="1" name="completeSeleniumTutorial_4.Drag_and_Drop_In_Selenium_45" time="9.291" errors="0" timestamp="2025-01-01T14:15:28 IST" skipped="0">
  <testcase classname="completeSeleniumTutorial_4.Drag_and_Drop_In_Selenium_45" name="dragAndDrop" time="9.291"/>
</testsuite> <!-- completeSeleniumTutorial_4.Drag_and_Drop_In_Selenium_45 -->
