<?xml version="1.0" encoding="UTF-8"?>
<!-- Generated by org.testng.reporters.JUnitReportReporter -->
<testsuite hostname="LAPTOP-OSSH23AN" failures="0" tests="1" name="Select_Box_In_Selenium_3" time="9.286" errors="0" timestamp="2025-01-04T21:02:39 IST" skipped="0">
  <testcase classname="Select_Box_In_Selenium_3" name="testCreateLeads" time="9.286"/>
</testsuite> <!-- Select_Box_In_Selenium_3 -->
