<?xml version="1.0" encoding="UTF-8"?>
<!-- Generated by org.testng.reporters.JUnitReportReporter -->
<testsuite hostname="LAPTOP-OSSH23AN" failures="0" tests="1" name="completeSeleniumTutorial_4.How_to_Work_with_Multiple_windows_18" time="26.641" errors="0" timestamp="2024-12-26T17:48:01 IST" skipped="0">
  <testcase classname="completeSeleniumTutorial_4.How_to_Work_with_Multiple_windows_18" name="handlingWindows" time="26.641"/>
</testsuite> <!-- completeSeleniumTutorial_4.How_to_Work_with_Multiple_windows_18 -->
