<?xml version="1.0" encoding="UTF-8"?>
<!-- Generated by org.testng.reporters.JUnitReportReporter -->
<testsuite hostname="LAPTOP-OSSH23AN" failures="0" tests="1" name="completeSeleniumTutorial_4.Verify_Radio_Button_is_Checked_41" time="3.910" errors="0" timestamp="2025-01-01T11:42:09 IST" skipped="0">
  <testcase classname="completeSeleniumTutorial_4.Verify_Radio_Button_is_Checked_41" name="verifyRadioButton" time="3.910"/>
</testsuite> <!-- completeSeleniumTutorial_4.Verify_Radio_Button_is_Checked_41 -->
