<?xml version="1.0" encoding="UTF-8"?>
<!-- Generated by org.testng.reporters.JUnitReportReporter -->
<testsuite hostname="LAPTOP-OSSH23AN" failures="0" tests="3" name="completeTestNG_Tutorial_1.Priority_In_TestNG_8" time="0.008" errors="0" timestamp="2024-12-13T18:47:15 IST" skipped="0">
  <testcase classname="completeTestNG_Tutorial_1.Priority_In_TestNG_8" name="test3" time="0.007"/>
  <testcase classname="completeTestNG_Tutorial_1.Priority_In_TestNG_8" name="test2" time="0.001"/>
  <testcase classname="completeTestNG_Tutorial_1.Priority_In_TestNG_8" name="test1" time="0.000"/>
</testsuite> <!-- completeTestNG_Tutorial_1.Priority_In_TestNG_8 -->
