<?xml version="1.0" encoding="UTF-8"?>
<!-- Generated by org.testng.reporters.JUnitReportReporter -->
<testsuite hostname="LAPTOP-OSSH23AN" failures="0" tests="2" name="completeTestNG_Tutorial_1.Annotations_of_TestNG_2" time="0.017" errors="0" timestamp="2024-12-12T17:51:51 IST" skipped="0">
  <testcase classname="completeTestNG_Tutorial_1.Annotations_of_TestNG_2" name="test2" time="0.012"/>
  <testcase classname="completeTestNG_Tutorial_1.Annotations_of_TestNG_2" name="test8" time="0.005"/>
</testsuite> <!-- completeTestNG_Tutorial_1.Annotations_of_TestNG_2 -->
