<?xml version="1.0" encoding="UTF-8"?>
<!-- Generated by org.testng.reporters.JUnitReportReporter -->
<testsuite hostname="LAPTOP-OSSH23AN" failures="0" tests="1" name="completeSeleniumTutorial_4.How_to_get_Row_Data_From_Dynamic_WebTable_24" time="13.263" errors="0" timestamp="2024-12-29T21:49:00 IST" skipped="0">
  <testcase classname="completeSeleniumTutorial_4.How_to_get_Row_Data_From_Dynamic_WebTable_24" name="getRowData" time="13.263"/>
</testsuite> <!-- completeSeleniumTutorial_4.How_to_get_Row_Data_From_Dynamic_WebTable_24 -->
