<?xml version="1.0" encoding="UTF-8"?>
<!-- Generated by org.testng.reporters.JUnitReportReporter -->
<testsuite hostname="LAPTOP-OSSH23AN" failures="0" tests="1" name="completeSeleniumTutorial_4.Keyboard_And_Mouse_Event_In_Selenium_Lecture_3__42" time="9.585" errors="0" timestamp="2025-01-01T12:28:08 IST" skipped="0">
  <testcase classname="completeSeleniumTutorial_4.Keyboard_And_Mouse_Event_In_Selenium_Lecture_3__42" name="verifyActionsTest" time="9.585"/>
</testsuite> <!-- completeSeleniumTutorial_4.Keyboard_And_Mouse_Event_In_Selenium_Lecture_3__42 -->
