<?xml version="1.0" encoding="UTF-8"?>
<!-- Generated by org.testng.reporters.JUnitReportReporter -->
<testsuite hostname="LAPTOP-OSSH23AN" failures="0" tests="1" name="Selenium_Scripting_6.Creating_New_Lead_V_Tiger_Complete_Code_5$Creating_New_Lead_V_Tiger_4" time="25.225" errors="0" timestamp="2025-01-05T18:38:08 IST" skipped="0">
  <testcase classname="Selenium_Scripting_6.Creating_New_Lead_V_Tiger_Complete_Code_5$Creating_New_Lead_V_Tiger_4" name="testCreateLeads2" time="25.225"/>
</testsuite> <!-- Selenium_Scripting_6.Creating_New_Lead_V_Tiger_Complete_Code_5$Creating_New_Lead_V_Tiger_4 -->
