<?xml version="1.0" encoding="UTF-8"?>
<!-- Generated by org.testng.reporters.JUnitReportReporter -->
<testsuite hostname="LAPTOP-OSSH23AN" failures="0" tests="1" name="completeSeleniumTutorial_4.How_to_get_Max_Price_From_Dynamic_WebTable_25" time="15.754" errors="0" timestamp="2024-12-30T15:54:12 IST" skipped="0">
  <testcase classname="completeSeleniumTutorial_4.How_to_get_Max_Price_From_Dynamic_WebTable_25" name="getCurrentPriceValues" time="15.754"/>
</testsuite> <!-- completeSeleniumTutorial_4.How_to_get_Max_Price_From_Dynamic_WebTable_25 -->
