<?xml version="1.0" encoding="UTF-8"?>
<!-- Generated by org.testng.reporters.JUnitReportReporter -->
<testsuite hostname="LAPTOP-OSSH23AN" failures="0" tests="1" name="completeSeleniumTutorial_4.Keyboard_And_Mouse_Event_In_Selenium_Lecture_2__43" time="10.556" errors="0" timestamp="2025-01-01T12:49:19 IST" skipped="0">
  <testcase classname="completeSeleniumTutorial_4.Keyboard_And_Mouse_Event_In_Selenium_Lecture_2__43" name="verifyActionsTest" time="10.556"/>
</testsuite> <!-- completeSeleniumTutorial_4.Keyboard_And_Mouse_Event_In_Selenium_Lecture_2__43 -->
