<?xml version="1.0" encoding="UTF-8"?>
<!-- Generated by org.testng.reporters.JUnitReportReporter -->
<testsuite hostname="LAPTOP-OSSH23AN" failures="0" tests="1" name="completeSeleniumTutorial_4.log4j_Configuration_With_Selenium_46" time="0.013" errors="0" timestamp="2025-01-01T16:56:33 IST" skipped="0">
  <testcase classname="completeSeleniumTutorial_4.log4j_Configuration_With_Selenium_46" name="testLogger" time="0.013"/>
</testsuite> <!-- completeSeleniumTutorial_4.log4j_Configuration_With_Selenium_46 -->
