<?xml version="1.0" encoding="UTF-8"?>
<!-- Generated by org.testng.reporters.JUnitReportReporter -->
<testsuite hostname="LAPTOP-OSSH23AN" failures="0" tests="3" name="completeSeleniumTutorial_4.Radio_Button_and_Auto_Suggestion_textBox_in_Selenium_28_29" time="21.856" errors="0" timestamp="2024-12-30T23:00:36 IST" skipped="0">
  <testcase classname="completeSeleniumTutorial_4.Radio_Button_and_Auto_Suggestion_textBox_in_Selenium_28_29" name="handleRadioButton" time="10.841"/>
  <testcase classname="completeSeleniumTutorial_4.Radio_Button_and_Auto_Suggestion_textBox_in_Selenium_28_29" name="handleJavaScriptAlert" time="4.782"/>
  <testcase classname="completeSeleniumTutorial_4.Radio_Button_and_Auto_Suggestion_textBox_in_Selenium_28_29" name="testActions" time="6.233"/>
</testsuite> <!-- completeSeleniumTutorial_4.Radio_Button_and_Auto_Suggestion_textBox_in_Selenium_28_29 -->
