<?xml version="1.0" encoding="UTF-8"?>
<!-- Generated by org.testng.reporters.JUnitReportReporter -->
<testsuite hostname="LAPTOP-OSSH23AN" failures="0" tests="1" name="completeSeleniumTutorial_4.How_to_Work_with_Multiple_windows_18_19" time="28.382" errors="0" timestamp="2024-12-27T01:05:20 IST" skipped="0">
  <testcase classname="completeSeleniumTutorial_4.How_to_Work_with_Multiple_windows_18_19" name="handlingWindows" time="28.382"/>
</testsuite> <!-- completeSeleniumTutorial_4.How_to_Work_with_Multiple_windows_18_19 -->
