<?xml version="1.0" encoding="UTF-8"?>
<!-- Generated by org.testng.reporters.JUnitReportReporter -->
<testsuite hostname="LAPTOP-OSSH23AN" failures="0" tests="2" name="completeSeleniumTutorial_4.Handling_of_Alerts_and_JavaScript_Alerts_In_Selenium_37" time="81.514" errors="0" timestamp="2025-01-01T00:28:35 IST" skipped="0">
  <testcase classname="completeSeleniumTutorial_4.Handling_of_Alerts_and_JavaScript_Alerts_In_Selenium_37" name="testAlertsAccept" time="53.424"/>
  <testcase classname="completeSeleniumTutorial_4.Handling_of_Alerts_and_JavaScript_Alerts_In_Selenium_37" name="testAlertsDismiss" time="28.090"/>
</testsuite> <!-- completeSeleniumTutorial_4.Handling_of_Alerts_and_JavaScript_Alerts_In_Selenium_37 -->
