<?xml version="1.0" encoding="UTF-8"?>
<!-- Generated by org.testng.reporters.JUnitReportReporter -->
<testsuite hostname="LAPTOP-OSSH23AN" failures="0" tests="1" name="completeSeleniumTutorial_4.How_to_Handel_Calendar_OR_TextBox_OR_Select_Box_21_22" time="32.920" errors="0" timestamp="2024-12-29T20:40:38 IST" skipped="0">
  <testcase classname="completeSeleniumTutorial_4.How_to_Handel_Calendar_OR_TextBox_OR_Select_Box_21_22" name="testCalndr" time="32.920"/>
</testsuite> <!-- completeSeleniumTutorial_4.How_to_Handel_Calendar_OR_TextBox_OR_Select_Box_21_22 -->
