<?xml version="1.0" encoding="UTF-8"?>
<!-- Generated by org.testng.reporters.JUnitReportReporter -->
<testsuite hostname="LAPTOP-OSSH23AN" failures="0" tests="1" name="Selenium_Scripting_6.Assertion_In_Scripts_6" time="9.455" errors="0" timestamp="2025-01-05T19:01:32 IST" skipped="0">
  <testcase classname="Selenium_Scripting_6.Assertion_In_Scripts_6" name="testCreateLeads4" time="9.455"/>
</testsuite> <!-- Selenium_Scripting_6.Assertion_In_Scripts_6 -->
