<?xml version="1.0" encoding="UTF-8"?>
<!-- Generated by org.testng.reporters.JUnitReportReporter -->
<testsuite hostname="LAPTOP-OSSH23AN" failures="0" tests="1" name="completeSeleniumTutorial_4.Checkbox_in_Selenium_30" time="40.731" errors="0" timestamp="2024-12-30T23:38:42 IST" skipped="0">
  <testcase classname="completeSeleniumTutorial_4.Checkbox_in_Selenium_30" name="testCheckBox" time="40.731"/>
</testsuite> <!-- completeSeleniumTutorial_4.Checkbox_in_Selenium_30 -->
