<?xml version="1.0" encoding="UTF-8"?>
<!-- Generated by org.testng.reporters.JUnitReportReporter -->
<testsuite hostname="LAPTOP-OSSH23AN" failures="0" tests="1" name="completeSeleniumTutorial_4.MouseOver_In_selenium_16" time="9.515" errors="0" timestamp="2024-12-26T16:06:41 IST" skipped="0">
  <testcase classname="completeSeleniumTutorial_4.MouseOver_In_selenium_16" name="mouseOverTest" time="9.515"/>
</testsuite> <!-- completeSeleniumTutorial_4.MouseOver_In_selenium_16 -->
