<?xml version="1.0" encoding="UTF-8"?>
<!-- Generated by org.testng.reporters.JUnitReportReporter -->
<testsuite hostname="LAPTOP-OSSH23AN" failures="0" tests="1" name="Selenium_Scripting_6.Edit_Lead_Information_in_V_tiger_8" time="15.211" errors="0" timestamp="2025-01-05T20:34:41 IST" skipped="0">
  <testcase classname="Selenium_Scripting_6.Edit_Lead_Information_in_V_tiger_8" name="verifyRecord" time="15.211"/>
</testsuite> <!-- Selenium_Scripting_6.Edit_Lead_Information_in_V_tiger_8 -->
