<?xml version="1.0" encoding="UTF-8"?>
<!-- Generated by org.testng.reporters.JUnitReportReporter -->
<testsuite hostname="LAPTOP-OSSH23AN" failures="0" tests="1" name="Selenium_Scripting_6.Printing_Table_Data_In_selenium_V_Tiger_7" time="10.840" errors="0" timestamp="2025-01-05T20:12:47 IST" skipped="0">
  <testcase classname="Selenium_Scripting_6.Printing_Table_Data_In_selenium_V_Tiger_7" name="verifyRecord" time="10.840"/>
</testsuite> <!-- Selenium_Scripting_6.Printing_Table_Data_In_selenium_V_Tiger_7 -->
