<?xml version="1.0" encoding="UTF-8"?>
<!-- Generated by org.testng.reporters.JUnitReportReporter -->
<testsuite hostname="LAPTOP-OSSH23AN" failures="0" tests="2" name="completeSeleniumTutorial_4.Extent_Report_In_Selenium_47" time="0.014" errors="0" timestamp="2025-01-01T23:59:32 IST" skipped="0">
  <testcase classname="completeSeleniumTutorial_4.Extent_Report_In_Selenium_47" name="testLogout" time="0.002"/>
  <testcase classname="completeSeleniumTutorial_4.Extent_Report_In_Selenium_47" name="testLogin" time="0.012"/>
</testsuite> <!-- completeSeleniumTutorial_4.Extent_Report_In_Selenium_47 -->
