<?xml version="1.0" encoding="UTF-8"?>
<!-- Generated by org.testng.reporters.JUnitReportReporter -->
<testsuite hostname="LAPTOP-OSSH23AN" failures="0" tests="1" name="completeSeleniumTutorial_4.How_to_enter_Data_in_Multiple_textBox_14" time="6.215" errors="0" timestamp="2024-12-26T11:46:04 IST" skipped="0">
  <testcase classname="completeSeleniumTutorial_4.How_to_enter_Data_in_Multiple_textBox_14" name="enterMultipleTextData" time="6.215"/>
</testsuite> <!-- completeSeleniumTutorial_4.How_to_enter_Data_in_Multiple_textBox_14 -->
