<?xml version="1.0" encoding="UTF-8"?>
<!-- Generated by org.testng.reporters.JUnitReportReporter -->
<testsuite hostname="LAPTOP-OSSH23AN" failures="0" tests="1" name="Login_Script_In_Selenium_2" time="4.885" errors="0" timestamp="2025-01-04T14:53:05 IST" skipped="0">
  <testcase classname="Login_Script_In_Selenium_2" name="testLoginVtiger" time="4.885"/>
</testsuite> <!-- Login_Script_In_Selenium_2 -->
