<?xml version="1.0" encoding="UTF-8"?>
<!-- Generated by org.testng.reporters.JUnitReportReporter -->
<testsuite hostname="LAPTOP-OSSH23AN" failures="0" tests="2" name="completeSeleniumTutorial_4.How_to_Verify_Checkbox_is_checked_or_Not_in_Selenium_31" time="12.275" errors="0" timestamp="2024-12-31T13:12:04 IST" skipped="0">
  <testcase classname="completeSeleniumTutorial_4.How_to_Verify_Checkbox_is_checked_or_Not_in_Selenium_31" name="verifyCheckBox" time="4.449"/>
  <testcase classname="completeSeleniumTutorial_4.How_to_Verify_Checkbox_is_checked_or_Not_in_Selenium_31" name="verifyCheckBoxs" time="7.826"/>
</testsuite> <!-- completeSeleniumTutorial_4.How_to_Verify_Checkbox_is_checked_or_Not_in_Selenium_31 -->
