<?xml version="1.0" encoding="UTF-8"?>
<!-- Generated by org.testng.reporters.JUnitReportReporter -->
<testsuite hostname="LAPTOP-OSSH23AN" failures="0" tests="1" name="completeSeleniumTutorial_4.TestClass" time="6.115" errors="0" timestamp="2024-12-25T18:34:52 IST" skipped="0">
  <testcase classname="completeSeleniumTutorial_4.TestClass" name="test" time="6.115"/>
</testsuite> <!-- completeSeleniumTutorial_4.TestClass -->
