<?xml version="1.0" encoding="UTF-8"?>
<!-- Generated by org.testng.reporters.JUnitReportReporter -->
<testsuite hostname="LAPTOP-OSSH23AN" failures="0" tests="1" name="completeSeleniumTutorial_4.Scroll_In_Selenium_Using_JavaScriptExecutor_32" time="24.629" errors="0" timestamp="2024-12-31T16:29:19 IST" skipped="0">
  <testcase classname="completeSeleniumTutorial_4.Scroll_In_Selenium_Using_JavaScriptExecutor_32" name="testScrollWindow" time="24.629"/>
</testsuite> <!-- completeSeleniumTutorial_4.Scroll_In_Selenium_Using_JavaScriptExecutor_32 -->
