<?xml version="1.0" encoding="UTF-8"?>
<!-- Generated by org.testng.reporters.JUnitReportReporter -->
<testsuite hostname="LAPTOP-OSSH23AN" failures="0" tests="2" name="completeTestNG_Tutorial_1.Design_TestNG_xml_to_Run_TestCases_6" time="0.009" errors="0" timestamp="2024-12-13T18:29:04 IST" skipped="0">
  <testcase classname="completeTestNG_Tutorial_1.Design_TestNG_xml_to_Run_TestCases_6" name="test1" time="0.008"/>
  <testcase classname="completeTestNG_Tutorial_1.Design_TestNG_xml_to_Run_TestCases_6" name="test2" time="0.001"/>
</testsuite> <!-- completeTestNG_Tutorial_1.Design_TestNG_xml_to_Run_TestCases_6 -->
