<?xml version="1.0" encoding="UTF-8"?>
<!-- Generated by org.testng.reporters.JUnitReportReporter -->
<testsuite hostname="LAPTOP-OSSH23AN" failures="0" tests="5" name="completeTestNG_Tutorial_1.Listener_TestClass_10" time="0.014" errors="0" timestamp="2024-12-14T02:07:08 IST" skipped="1">
  <testcase classname="completeTestNG_Tutorial_1.Listener_TestClass_10" name="test2" time="0.002">
    <skipped/>
    <system-out>
      <![CDATA[starting test is : test2
Test skipped : test2]]>
    </system-out>
  </testcase> <!-- test2 -->
  <testcase classname="completeTestNG_Tutorial_1.Listener_TestClass_10" name="test1" time="0.007">
    <system-out>
      <![CDATA[starting test is : test1
Test passed : test1]]>
    </system-out>
  </testcase> <!-- test1 -->
  <testcase classname="completeTestNG_Tutorial_1.Listener_TestClass_10" name="test3" time="0.001">
    <system-out>
      <![CDATA[starting test is : test3
Test passed : test3]]>
    </system-out>
  </testcase> <!-- test3 -->
  <testcase classname="completeTestNG_Tutorial_1.Listener_TestClass_10" name="test3" time="0.001">
    <system-out>
      <![CDATA[starting test is : test3
Test passed : test3]]>
    </system-out>
  </testcase> <!-- test3 -->
  <testcase classname="completeTestNG_Tutorial_1.Listener_TestClass_10" name="test3" time="0.003">
    <system-out>
      <![CDATA[starting test is : test3
Test passed : test3]]>
    </system-out>
  </testcase> <!-- test3 -->
  <system-out>
    <![CDATA[All Test execution started 
starting test is : test1
Test passed : test1
starting test is : test2
Test skipped : test2
starting test is : test3
Test is passed based on percentage: test3
starting test is : test3
Test is passed based on percentage: test3
starting test is : test3
Test passed : test3
starting test is : test3
Test passed : test3
starting test is : test3
Test passed : test3]]>
  </system-out>
</testsuite> <!-- completeTestNG_Tutorial_1.Listener_TestClass_10 -->
